Determining if the pthread_create exist failed with the following output:
Change Dir: /home/max/WS/Projects/fbsd-sandboxing/sandbox-clone/cmake-build-debug/CMakeFiles/CMakeTmp

Run Build Command:"/usr/bin/make" "cmTC_b3677/fast"
make[1]: Entering directory '/home/max/WS/Projects/fbsd-sandboxing/sandbox-clone/cmake-build-debug/CMakeFiles/CMakeTmp'
/usr/bin/make -f CMakeFiles/cmTC_b3677.dir/build.make CMakeFiles/cmTC_b3677.dir/build
make[2]: Entering directory '/home/max/WS/Projects/fbsd-sandboxing/sandbox-clone/cmake-build-debug/CMakeFiles/CMakeTmp'
Building C object CMakeFiles/cmTC_b3677.dir/CheckSymbolExists.c.o
/usr/bin/cc   -std=gnu11 -o CMakeFiles/cmTC_b3677.dir/CheckSymbolExists.c.o   -c /home/max/WS/Projects/fbsd-sandboxing/sandbox-clone/cmake-build-debug/CMakeFiles/CMakeTmp/CheckSymbolExists.c
Linking C executable cmTC_b3677
/usr/bin/cmake -E cmake_link_script CMakeFiles/cmTC_b3677.dir/link.txt --verbose=1
/usr/bin/cc      CMakeFiles/cmTC_b3677.dir/CheckSymbolExists.c.o  -o cmTC_b3677 
/usr/bin/ld: CMakeFiles/cmTC_b3677.dir/CheckSymbolExists.c.o: in function `main':
CheckSymbolExists.c:(.text+0x1b): undefined reference to `pthread_create'
collect2: error: ld returned 1 exit status
make[2]: *** [CMakeFiles/cmTC_b3677.dir/build.make:87: cmTC_b3677] Error 1
make[2]: Leaving directory '/home/max/WS/Projects/fbsd-sandboxing/sandbox-clone/cmake-build-debug/CMakeFiles/CMakeTmp'
make[1]: *** [Makefile:121: cmTC_b3677/fast] Error 2
make[1]: Leaving directory '/home/max/WS/Projects/fbsd-sandboxing/sandbox-clone/cmake-build-debug/CMakeFiles/CMakeTmp'

File /home/max/WS/Projects/fbsd-sandboxing/sandbox-clone/cmake-build-debug/CMakeFiles/CMakeTmp/CheckSymbolExists.c:
/* */
#include <pthread.h>

int main(int argc, char** argv)
{
  (void)argv;
#ifndef pthread_create
  return ((int*)(&pthread_create))[argc];
#else
  (void)argc;
  return 0;
#endif
}

Determining if the function pthread_create exists in the pthreads failed with the following output:
Change Dir: /home/max/WS/Projects/fbsd-sandboxing/sandbox-clone/cmake-build-debug/CMakeFiles/CMakeTmp

Run Build Command:"/usr/bin/make" "cmTC_bb4cc/fast"
make[1]: Entering directory '/home/max/WS/Projects/fbsd-sandboxing/sandbox-clone/cmake-build-debug/CMakeFiles/CMakeTmp'
/usr/bin/make -f CMakeFiles/cmTC_bb4cc.dir/build.make CMakeFiles/cmTC_bb4cc.dir/build
make[2]: Entering directory '/home/max/WS/Projects/fbsd-sandboxing/sandbox-clone/cmake-build-debug/CMakeFiles/CMakeTmp'
Building C object CMakeFiles/cmTC_bb4cc.dir/CheckFunctionExists.c.o
/usr/bin/cc   -DCHECK_FUNCTION_EXISTS=pthread_create   -std=gnu11 -o CMakeFiles/cmTC_bb4cc.dir/CheckFunctionExists.c.o   -c /usr/share/cmake-3.13/Modules/CheckFunctionExists.c
Linking C executable cmTC_bb4cc
/usr/bin/cmake -E cmake_link_script CMakeFiles/cmTC_bb4cc.dir/link.txt --verbose=1
/usr/bin/cc  -DCHECK_FUNCTION_EXISTS=pthread_create    CMakeFiles/cmTC_bb4cc.dir/CheckFunctionExists.c.o  -o cmTC_bb4cc -lpthreads 
/usr/bin/ld: cannot find -lpthreads
collect2: error: ld returned 1 exit status
make[2]: *** [CMakeFiles/cmTC_bb4cc.dir/build.make:87: cmTC_bb4cc] Error 1
make[2]: Leaving directory '/home/max/WS/Projects/fbsd-sandboxing/sandbox-clone/cmake-build-debug/CMakeFiles/CMakeTmp'
make[1]: *** [Makefile:121: cmTC_bb4cc/fast] Error 2
make[1]: Leaving directory '/home/max/WS/Projects/fbsd-sandboxing/sandbox-clone/cmake-build-debug/CMakeFiles/CMakeTmp'


Determining size of unsigned __int16 failed with the following output:
Change Dir: /home/max/WS/Projects/fbsd-sandboxing/sandbox-clone/cmake-build-debug/CMakeFiles/CMakeTmp

Run Build Command:"/usr/bin/make" "cmTC_238e0/fast"
make[1]: Entering directory '/home/max/WS/Projects/fbsd-sandboxing/sandbox-clone/cmake-build-debug/CMakeFiles/CMakeTmp'
/usr/bin/make -f CMakeFiles/cmTC_238e0.dir/build.make CMakeFiles/cmTC_238e0.dir/build
make[2]: Entering directory '/home/max/WS/Projects/fbsd-sandboxing/sandbox-clone/cmake-build-debug/CMakeFiles/CMakeTmp'
Building C object CMakeFiles/cmTC_238e0.dir/HAVE___UINT16.c.o
/usr/bin/cc    -o CMakeFiles/cmTC_238e0.dir/HAVE___UINT16.c.o   -c /home/max/WS/Projects/fbsd-sandboxing/sandbox-clone/cmake-build-debug/CMakeFiles/CheckTypeSize/HAVE___UINT16.c
/home/max/WS/Projects/fbsd-sandboxing/sandbox-clone/cmake-build-debug/CMakeFiles/CheckTypeSize/HAVE___UINT16.c:23:31: error: expected ‘)’ before ‘__int16’
 #define SIZE (sizeof(unsigned __int16))
                     ~         ^~~~~~~
/home/max/WS/Projects/fbsd-sandboxing/sandbox-clone/cmake-build-debug/CMakeFiles/CheckTypeSize/HAVE___UINT16.c:25:12: note: in expansion of macro ‘SIZE’
   ('0' + ((SIZE / 10000)%10)),
            ^~~~
/home/max/WS/Projects/fbsd-sandboxing/sandbox-clone/cmake-build-debug/CMakeFiles/CheckTypeSize/HAVE___UINT16.c:23:31: error: expected ‘)’ before ‘__int16’
 #define SIZE (sizeof(unsigned __int16))
                     ~         ^~~~~~~
/home/max/WS/Projects/fbsd-sandboxing/sandbox-clone/cmake-build-debug/CMakeFiles/CheckTypeSize/HAVE___UINT16.c:26:12: note: in expansion of macro ‘SIZE’
   ('0' + ((SIZE / 1000)%10)),
            ^~~~
/home/max/WS/Projects/fbsd-sandboxing/sandbox-clone/cmake-build-debug/CMakeFiles/CheckTypeSize/HAVE___UINT16.c:23:31: error: expected ‘)’ before ‘__int16’
 #define SIZE (sizeof(unsigned __int16))
                     ~         ^~~~~~~
/home/max/WS/Projects/fbsd-sandboxing/sandbox-clone/cmake-build-debug/CMakeFiles/CheckTypeSize/HAVE___UINT16.c:27:12: note: in expansion of macro ‘SIZE’
   ('0' + ((SIZE / 100)%10)),
            ^~~~
/home/max/WS/Projects/fbsd-sandboxing/sandbox-clone/cmake-build-debug/CMakeFiles/CheckTypeSize/HAVE___UINT16.c:23:31: error: expected ‘)’ before ‘__int16’
 #define SIZE (sizeof(unsigned __int16))
                     ~         ^~~~~~~
/home/max/WS/Projects/fbsd-sandboxing/sandbox-clone/cmake-build-debug/CMakeFiles/CheckTypeSize/HAVE___UINT16.c:28:12: note: in expansion of macro ‘SIZE’
   ('0' + ((SIZE / 10)%10)),
            ^~~~
/home/max/WS/Projects/fbsd-sandboxing/sandbox-clone/cmake-build-debug/CMakeFiles/CheckTypeSize/HAVE___UINT16.c:23:31: error: expected ‘)’ before ‘__int16’
 #define SIZE (sizeof(unsigned __int16))
                     ~         ^~~~~~~
/home/max/WS/Projects/fbsd-sandboxing/sandbox-clone/cmake-build-debug/CMakeFiles/CheckTypeSize/HAVE___UINT16.c:29:12: note: in expansion of macro ‘SIZE’
   ('0' +  (SIZE    % 10)),
            ^~~~
make[2]: *** [CMakeFiles/cmTC_238e0.dir/build.make:66: CMakeFiles/cmTC_238e0.dir/HAVE___UINT16.c.o] Error 1
make[2]: Leaving directory '/home/max/WS/Projects/fbsd-sandboxing/sandbox-clone/cmake-build-debug/CMakeFiles/CMakeTmp'
make[1]: *** [Makefile:121: cmTC_238e0/fast] Error 2
make[1]: Leaving directory '/home/max/WS/Projects/fbsd-sandboxing/sandbox-clone/cmake-build-debug/CMakeFiles/CMakeTmp'

/home/max/WS/Projects/fbsd-sandboxing/sandbox-clone/cmake-build-debug/CMakeFiles/CheckTypeSize/HAVE___UINT16.c:
#include <sys/types.h>
#include <stdint.h>
#include <stddef.h>


#undef KEY
#if defined(__i386)
# define KEY '_','_','i','3','8','6'
#elif defined(__x86_64)
# define KEY '_','_','x','8','6','_','6','4'
#elif defined(__ppc__)
# define KEY '_','_','p','p','c','_','_'
#elif defined(__ppc64__)
# define KEY '_','_','p','p','c','6','4','_','_'
#elif defined(__aarch64__)
# define KEY '_','_','a','a','r','c','h','6','4','_','_'
#elif defined(__ARM_ARCH_7A__)
# define KEY '_','_','A','R','M','_','A','R','C','H','_','7','A','_','_'
#elif defined(__ARM_ARCH_7S__)
# define KEY '_','_','A','R','M','_','A','R','C','H','_','7','S','_','_'
#endif

#define SIZE (sizeof(unsigned __int16))
char info_size[] =  {'I', 'N', 'F', 'O', ':', 's','i','z','e','[',
  ('0' + ((SIZE / 10000)%10)),
  ('0' + ((SIZE / 1000)%10)),
  ('0' + ((SIZE / 100)%10)),
  ('0' + ((SIZE / 10)%10)),
  ('0' +  (SIZE    % 10)),
  ']',
#ifdef KEY
  ' ','k','e','y','[', KEY, ']',
#endif
  '\0'};

#ifdef __CLASSIC_C__
int main(argc, argv) int argc; char *argv[];
#else
int main(int argc, char *argv[])
#endif
{
  int require = 0;
  require += info_size[argc];
  (void)argv;
  return require;
}


Determining if the function dladdr exists failed with the following output:
Change Dir: /home/max/WS/Projects/fbsd-sandboxing/sandbox-clone/cmake-build-debug/CMakeFiles/CMakeTmp

Run Build Command:"/usr/bin/make" "cmTC_34d6d/fast"
make[1]: Entering directory '/home/max/WS/Projects/fbsd-sandboxing/sandbox-clone/cmake-build-debug/CMakeFiles/CMakeTmp'
/usr/bin/make -f CMakeFiles/cmTC_34d6d.dir/build.make CMakeFiles/cmTC_34d6d.dir/build
make[2]: Entering directory '/home/max/WS/Projects/fbsd-sandboxing/sandbox-clone/cmake-build-debug/CMakeFiles/CMakeTmp'
Building C object CMakeFiles/cmTC_34d6d.dir/CheckFunctionExists.c.o
/usr/bin/cc   -DCHECK_FUNCTION_EXISTS=dladdr   -o CMakeFiles/cmTC_34d6d.dir/CheckFunctionExists.c.o   -c /usr/share/cmake-3.13/Modules/CheckFunctionExists.c
Linking C executable cmTC_34d6d
/usr/bin/cmake -E cmake_link_script CMakeFiles/cmTC_34d6d.dir/link.txt --verbose=1
/usr/bin/cc  -DCHECK_FUNCTION_EXISTS=dladdr    -rdynamic CMakeFiles/cmTC_34d6d.dir/CheckFunctionExists.c.o  -o cmTC_34d6d 
/usr/bin/ld: CMakeFiles/cmTC_34d6d.dir/CheckFunctionExists.c.o: in function `main':
CheckFunctionExists.c:(.text+0x10): undefined reference to `dladdr'
collect2: error: ld returned 1 exit status
make[2]: *** [CMakeFiles/cmTC_34d6d.dir/build.make:87: cmTC_34d6d] Error 1
make[2]: Leaving directory '/home/max/WS/Projects/fbsd-sandboxing/sandbox-clone/cmake-build-debug/CMakeFiles/CMakeTmp'
make[1]: *** [Makefile:121: cmTC_34d6d/fast] Error 2
make[1]: Leaving directory '/home/max/WS/Projects/fbsd-sandboxing/sandbox-clone/cmake-build-debug/CMakeFiles/CMakeTmp'


Performing C++ SOURCE FILE Test HAVE_NO_UNNAMED_TYPE_TEMPLATE_ARGS failed with the following output:
Change Dir: /home/max/WS/Projects/fbsd-sandboxing/sandbox-clone/cmake-build-debug/CMakeFiles/CMakeTmp

Run Build Command:"/usr/bin/make" "cmTC_7b6ea/fast"
make[1]: Entering directory '/home/max/WS/Projects/fbsd-sandboxing/sandbox-clone/cmake-build-debug/CMakeFiles/CMakeTmp'
/usr/bin/make -f CMakeFiles/cmTC_7b6ea.dir/build.make CMakeFiles/cmTC_7b6ea.dir/build
make[2]: Entering directory '/home/max/WS/Projects/fbsd-sandboxing/sandbox-clone/cmake-build-debug/CMakeFiles/CMakeTmp'
Building CXX object CMakeFiles/cmTC_7b6ea.dir/src.cxx.o
/usr/bin/c++    -DHAVE_NO_UNNAMED_TYPE_TEMPLATE_ARGS   -Wunnamed-type-template-args -o CMakeFiles/cmTC_7b6ea.dir/src.cxx.o -c /home/max/WS/Projects/fbsd-sandboxing/sandbox-clone/cmake-build-debug/CMakeFiles/CMakeTmp/src.cxx
c++: error: unrecognized command line option '-Wunnamed-type-template-args'
make[2]: *** [CMakeFiles/cmTC_7b6ea.dir/build.make:66: CMakeFiles/cmTC_7b6ea.dir/src.cxx.o] Error 1
make[2]: Leaving directory '/home/max/WS/Projects/fbsd-sandboxing/sandbox-clone/cmake-build-debug/CMakeFiles/CMakeTmp'
make[1]: *** [Makefile:121: cmTC_7b6ea/fast] Error 2
make[1]: Leaving directory '/home/max/WS/Projects/fbsd-sandboxing/sandbox-clone/cmake-build-debug/CMakeFiles/CMakeTmp'

Source file was:
int main() { return 0; }
Determining if the function get_static_proc_name exists in the unwind failed with the following output:
Change Dir: /home/max/WS/Projects/fbsd-sandboxing/sandbox-clone/cmake-build-debug/CMakeFiles/CMakeTmp

Run Build Command:"/usr/bin/make" "cmTC_805e6/fast"
make[1]: Entering directory '/home/max/WS/Projects/fbsd-sandboxing/sandbox-clone/cmake-build-debug/CMakeFiles/CMakeTmp'
/usr/bin/make -f CMakeFiles/cmTC_805e6.dir/build.make CMakeFiles/cmTC_805e6.dir/build
make[2]: Entering directory '/home/max/WS/Projects/fbsd-sandboxing/sandbox-clone/cmake-build-debug/CMakeFiles/CMakeTmp'
Building C object CMakeFiles/cmTC_805e6.dir/CheckFunctionExists.c.o
/usr/bin/cc   -DCHECK_FUNCTION_EXISTS=get_static_proc_name   -std=gnu11 -o CMakeFiles/cmTC_805e6.dir/CheckFunctionExists.c.o   -c /usr/share/cmake-3.13/Modules/CheckFunctionExists.c
Linking C executable cmTC_805e6
/usr/bin/cmake -E cmake_link_script CMakeFiles/cmTC_805e6.dir/link.txt --verbose=1
/usr/bin/cc  -DCHECK_FUNCTION_EXISTS=get_static_proc_name    CMakeFiles/cmTC_805e6.dir/CheckFunctionExists.c.o  -o cmTC_805e6 -lunwind 
/usr/bin/ld: CMakeFiles/cmTC_805e6.dir/CheckFunctionExists.c.o: in function `main':
CheckFunctionExists.c:(.text+0x10): undefined reference to `get_static_proc_name'
collect2: error: ld returned 1 exit status
make[2]: *** [CMakeFiles/cmTC_805e6.dir/build.make:87: cmTC_805e6] Error 1
make[2]: Leaving directory '/home/max/WS/Projects/fbsd-sandboxing/sandbox-clone/cmake-build-debug/CMakeFiles/CMakeTmp'
make[1]: *** [Makefile:121: cmTC_805e6/fast] Error 2
make[1]: Leaving directory '/home/max/WS/Projects/fbsd-sandboxing/sandbox-clone/cmake-build-debug/CMakeFiles/CMakeTmp'


Determining if the function UnDecorateSymbolName exists in the dbghelp failed with the following output:
Change Dir: /home/max/WS/Projects/fbsd-sandboxing/sandbox-clone/cmake-build-debug/CMakeFiles/CMakeTmp

Run Build Command:"/usr/bin/make" "cmTC_d6202/fast"
make[1]: Entering directory '/home/max/WS/Projects/fbsd-sandboxing/sandbox-clone/cmake-build-debug/CMakeFiles/CMakeTmp'
/usr/bin/make -f CMakeFiles/cmTC_d6202.dir/build.make CMakeFiles/cmTC_d6202.dir/build
make[2]: Entering directory '/home/max/WS/Projects/fbsd-sandboxing/sandbox-clone/cmake-build-debug/CMakeFiles/CMakeTmp'
Building C object CMakeFiles/cmTC_d6202.dir/CheckFunctionExists.c.o
/usr/bin/cc   -DCHECK_FUNCTION_EXISTS=UnDecorateSymbolName   -std=gnu11 -o CMakeFiles/cmTC_d6202.dir/CheckFunctionExists.c.o   -c /usr/share/cmake-3.13/Modules/CheckFunctionExists.c
Linking C executable cmTC_d6202
/usr/bin/cmake -E cmake_link_script CMakeFiles/cmTC_d6202.dir/link.txt --verbose=1
/usr/bin/cc  -DCHECK_FUNCTION_EXISTS=UnDecorateSymbolName    CMakeFiles/cmTC_d6202.dir/CheckFunctionExists.c.o  -o cmTC_d6202 -ldbghelp 
/usr/bin/ld: cannot find -ldbghelp
collect2: error: ld returned 1 exit status
make[2]: *** [CMakeFiles/cmTC_d6202.dir/build.make:87: cmTC_d6202] Error 1
make[2]: Leaving directory '/home/max/WS/Projects/fbsd-sandboxing/sandbox-clone/cmake-build-debug/CMakeFiles/CMakeTmp'
make[1]: *** [Makefile:121: cmTC_d6202/fast] Error 2
make[1]: Leaving directory '/home/max/WS/Projects/fbsd-sandboxing/sandbox-clone/cmake-build-debug/CMakeFiles/CMakeTmp'


Performing C SOURCE FILE Test HAVE_RWLOCK failed with the following output:
Change Dir: /home/max/WS/Projects/fbsd-sandboxing/sandbox-clone/cmake-build-debug/CMakeFiles/CMakeTmp

Run Build Command:"/usr/bin/make" "cmTC_e2ef2/fast"
make[1]: Entering directory '/home/max/WS/Projects/fbsd-sandboxing/sandbox-clone/cmake-build-debug/CMakeFiles/CMakeTmp'
/usr/bin/make -f CMakeFiles/cmTC_e2ef2.dir/build.make CMakeFiles/cmTC_e2ef2.dir/build
make[2]: Entering directory '/home/max/WS/Projects/fbsd-sandboxing/sandbox-clone/cmake-build-debug/CMakeFiles/CMakeTmp'
Building C object CMakeFiles/cmTC_e2ef2.dir/src.c.o
/usr/bin/cc   -DHAVE_RWLOCK   -o CMakeFiles/cmTC_e2ef2.dir/src.c.o   -c /home/max/WS/Projects/fbsd-sandboxing/sandbox-clone/cmake-build-debug/CMakeFiles/CMakeTmp/src.c
Linking C executable cmTC_e2ef2
/usr/bin/cmake -E cmake_link_script CMakeFiles/cmTC_e2ef2.dir/link.txt --verbose=1
/usr/bin/cc  -DHAVE_RWLOCK    -rdynamic CMakeFiles/cmTC_e2ef2.dir/src.c.o  -o cmTC_e2ef2 
/usr/bin/ld: CMakeFiles/cmTC_e2ef2.dir/src.c.o: in function `main':
src.c:(.text+0x24): undefined reference to `pthread_rwlock_init'
/usr/bin/ld: src.c:(.text+0x30): undefined reference to `pthread_rwlock_rdlock'
collect2: error: ld returned 1 exit status
make[2]: *** [CMakeFiles/cmTC_e2ef2.dir/build.make:87: cmTC_e2ef2] Error 1
make[2]: Leaving directory '/home/max/WS/Projects/fbsd-sandboxing/sandbox-clone/cmake-build-debug/CMakeFiles/CMakeTmp'
make[1]: *** [Makefile:121: cmTC_e2ef2/fast] Error 2
make[1]: Leaving directory '/home/max/WS/Projects/fbsd-sandboxing/sandbox-clone/cmake-build-debug/CMakeFiles/CMakeTmp'

Source file was:

#define _XOPEN_SOURCE 500
#include <pthread.h>
int main(void)
{
  pthread_rwlock_t l;
  pthread_rwlock_init(&l, NULL);
  pthread_rwlock_rdlock(&l);
  return 0;
}

Performing C SOURCE FILE Test HAVE___DECLSPEC failed with the following output:
Change Dir: /home/max/WS/Projects/fbsd-sandboxing/sandbox-clone/cmake-build-debug/CMakeFiles/CMakeTmp

Run Build Command:"/usr/bin/make" "cmTC_acf91/fast"
make[1]: Entering directory '/home/max/WS/Projects/fbsd-sandboxing/sandbox-clone/cmake-build-debug/CMakeFiles/CMakeTmp'
/usr/bin/make -f CMakeFiles/cmTC_acf91.dir/build.make CMakeFiles/cmTC_acf91.dir/build
make[2]: Entering directory '/home/max/WS/Projects/fbsd-sandboxing/sandbox-clone/cmake-build-debug/CMakeFiles/CMakeTmp'
Building C object CMakeFiles/cmTC_acf91.dir/src.c.o
/usr/bin/cc   -DHAVE___DECLSPEC   -o CMakeFiles/cmTC_acf91.dir/src.c.o   -c /home/max/WS/Projects/fbsd-sandboxing/sandbox-clone/cmake-build-debug/CMakeFiles/CMakeTmp/src.c
/home/max/WS/Projects/fbsd-sandboxing/sandbox-clone/cmake-build-debug/CMakeFiles/CMakeTmp/src.c:2:1: warning: return type defaults to ‘int’ [-Wimplicit-int]
 __declspec(selectany) int a;
 ^~~~~~~~~~
/home/max/WS/Projects/fbsd-sandboxing/sandbox-clone/cmake-build-debug/CMakeFiles/CMakeTmp/src.c: In function ‘__declspec’:
/home/max/WS/Projects/fbsd-sandboxing/sandbox-clone/cmake-build-debug/CMakeFiles/CMakeTmp/src.c:3:16: error: expected ‘=’, ‘,’, ‘;’, ‘asm’ or ‘__attribute__’ before ‘{’ token
 int main(void) { return 0; }
                ^
/home/max/WS/Projects/fbsd-sandboxing/sandbox-clone/cmake-build-debug/CMakeFiles/CMakeTmp/src.c:2:1: warning: type of ‘selectany’ defaults to ‘int’ [-Wimplicit-int]
 __declspec(selectany) int a;
 ^~~~~~~~~~
/home/max/WS/Projects/fbsd-sandboxing/sandbox-clone/cmake-build-debug/CMakeFiles/CMakeTmp/src.c:2:27: error: declaration for parameter ‘a’ but no such parameter
 __declspec(selectany) int a;
                           ^
/home/max/WS/Projects/fbsd-sandboxing/sandbox-clone/cmake-build-debug/CMakeFiles/CMakeTmp/src.c:4: error: expected ‘{’ at end of input
 
 
make[2]: *** [CMakeFiles/cmTC_acf91.dir/build.make:66: CMakeFiles/cmTC_acf91.dir/src.c.o] Error 1
make[2]: Leaving directory '/home/max/WS/Projects/fbsd-sandboxing/sandbox-clone/cmake-build-debug/CMakeFiles/CMakeTmp'
make[1]: *** [Makefile:121: cmTC_acf91/fast] Error 2
make[1]: Leaving directory '/home/max/WS/Projects/fbsd-sandboxing/sandbox-clone/cmake-build-debug/CMakeFiles/CMakeTmp'

Source file was:

__declspec(selectany) int a;
int main(void) { return 0; }

Performing C++ SOURCE FILE Test STL_NO_NAMESPACE failed with the following output:
Change Dir: /home/max/WS/Projects/fbsd-sandboxing/sandbox-clone/cmake-build-debug/CMakeFiles/CMakeTmp

Run Build Command:"/usr/bin/make" "cmTC_4e5a6/fast"
make[1]: Entering directory '/home/max/WS/Projects/fbsd-sandboxing/sandbox-clone/cmake-build-debug/CMakeFiles/CMakeTmp'
/usr/bin/make -f CMakeFiles/cmTC_4e5a6.dir/build.make CMakeFiles/cmTC_4e5a6.dir/build
make[2]: Entering directory '/home/max/WS/Projects/fbsd-sandboxing/sandbox-clone/cmake-build-debug/CMakeFiles/CMakeTmp'
Building CXX object CMakeFiles/cmTC_4e5a6.dir/src.cxx.o
/usr/bin/c++    -DSTL_NO_NAMESPACE   -o CMakeFiles/cmTC_4e5a6.dir/src.cxx.o -c /home/max/WS/Projects/fbsd-sandboxing/sandbox-clone/cmake-build-debug/CMakeFiles/CMakeTmp/src.cxx
/home/max/WS/Projects/fbsd-sandboxing/sandbox-clone/cmake-build-debug/CMakeFiles/CMakeTmp/src.cxx:3:1: error: ‘vector’ does not name a type
 vector<int> t; int main() { }
 ^~~~~~
make[2]: *** [CMakeFiles/cmTC_4e5a6.dir/build.make:66: CMakeFiles/cmTC_4e5a6.dir/src.cxx.o] Error 1
make[2]: Leaving directory '/home/max/WS/Projects/fbsd-sandboxing/sandbox-clone/cmake-build-debug/CMakeFiles/CMakeTmp'
make[1]: *** [Makefile:121: cmTC_4e5a6/fast] Error 2
make[1]: Leaving directory '/home/max/WS/Projects/fbsd-sandboxing/sandbox-clone/cmake-build-debug/CMakeFiles/CMakeTmp'

Source file was:

#include <vector>
vector<int> t; int main() { }

Performing C++ SOURCE FILE Test HAVE_MSVC_TLS failed with the following output:
Change Dir: /home/max/WS/Projects/fbsd-sandboxing/sandbox-clone/cmake-build-debug/CMakeFiles/CMakeTmp

Run Build Command:"/usr/bin/make" "cmTC_b936d/fast"
make[1]: Entering directory '/home/max/WS/Projects/fbsd-sandboxing/sandbox-clone/cmake-build-debug/CMakeFiles/CMakeTmp'
/usr/bin/make -f CMakeFiles/cmTC_b936d.dir/build.make CMakeFiles/cmTC_b936d.dir/build
make[2]: Entering directory '/home/max/WS/Projects/fbsd-sandboxing/sandbox-clone/cmake-build-debug/CMakeFiles/CMakeTmp'
Building CXX object CMakeFiles/cmTC_b936d.dir/src.cxx.o
/usr/bin/c++    -DHAVE_MSVC_TLS   -o CMakeFiles/cmTC_b936d.dir/src.cxx.o -c /home/max/WS/Projects/fbsd-sandboxing/sandbox-clone/cmake-build-debug/CMakeFiles/CMakeTmp/src.cxx
/home/max/WS/Projects/fbsd-sandboxing/sandbox-clone/cmake-build-debug/CMakeFiles/CMakeTmp/src.cxx:2:11: error: expected constructor, destructor, or type conversion before ‘(’ token
 __declspec(thread) int tls;
           ^
make[2]: *** [CMakeFiles/cmTC_b936d.dir/build.make:66: CMakeFiles/cmTC_b936d.dir/src.cxx.o] Error 1
make[2]: Leaving directory '/home/max/WS/Projects/fbsd-sandboxing/sandbox-clone/cmake-build-debug/CMakeFiles/CMakeTmp'
make[1]: *** [Makefile:121: cmTC_b936d/fast] Error 2
make[1]: Leaving directory '/home/max/WS/Projects/fbsd-sandboxing/sandbox-clone/cmake-build-debug/CMakeFiles/CMakeTmp'

Source file was:

__declspec(thread) int tls;
int main() { }

